d:\с++\guradplay_engine\guradplay_engine\release\memory.obj
d:\с++\guradplay_engine\guradplay_engine\release\cprotect.obj
d:\с++\guradplay_engine\guradplay_engine\release\cdraw.obj
d:\с++\guradplay_engine\guradplay_engine\release\basedll.obj
d:\с++\guradplay_engine\guradplay_engine\release\vc100.pdb
d:\с++\guradplay_engine\guradplay_engine\idreem\dxhook.dll
d:\с++\guradplay_engine\guradplay_engine\release\guradplay_engine.dll.intermediate.manifest
d:\с++\guradplay_engine\release\guradplay_engine.pdb
d:\с++\guradplay_engine\guradplay_engine\release\vc120.pdb
d:\с++\guradplay_engine\guradplay_engine\release\guradplay_engine.vcxprojresolveassemblyreference.cache
d:\с++\guradplay_engine\guradplay_engine\release\cl.command.1.tlog
d:\с++\guradplay_engine\guradplay_engine\release\cl.read.1.tlog
d:\с++\guradplay_engine\guradplay_engine\release\cl.write.1.tlog
d:\с++\guradplay_engine\guradplay_engine\release\guradplay_engine.write.1.tlog
d:\с++\guradplay_engine\guradplay_engine\release\link.command.1.tlog
d:\с++\guradplay_engine\guradplay_engine\release\link.read.1.tlog
d:\с++\guradplay_engine\guradplay_engine\release\link.write.1.tlog
d:\с++\guradplay_engine\guradplay_engine\release\mt.command.1.tlog
d:\с++\guradplay_engine\guradplay_engine\release\mt.read.1.tlog
d:\с++\guradplay_engine\guradplay_engine\release\mt.write.1.tlog
d:\с++\guradplay_engine\guradplay_engine\release\guradplay_engine.tlog\cl.command.1.tlog
d:\с++\guradplay_engine\guradplay_engine\release\guradplay_engine.tlog\cl.read.1.tlog
d:\с++\guradplay_engine\guradplay_engine\release\guradplay_engine.tlog\cl.write.1.tlog
d:\с++\guradplay_engine\guradplay_engine\release\guradplay_engine.tlog\link-cvtres.read.1.tlog
d:\с++\guradplay_engine\guradplay_engine\release\guradplay_engine.tlog\link-cvtres.write.1.tlog
d:\с++\guradplay_engine\guradplay_engine\release\guradplay_engine.tlog\link-rc.read.1.tlog
d:\с++\guradplay_engine\guradplay_engine\release\guradplay_engine.tlog\link-rc.write.1.tlog
d:\с++\guradplay_engine\guradplay_engine\release\guradplay_engine.tlog\link.command.1.tlog
d:\с++\guradplay_engine\guradplay_engine\release\guradplay_engine.tlog\link.read.1.tlog
d:\с++\guradplay_engine\guradplay_engine\release\guradplay_engine.tlog\link.write.1.tlog
