C:\Users\wilde\Desktop\NNP\Debug\cl.command.1.tlog
C:\Users\wilde\Desktop\NNP\Debug\CL.read.1.tlog
C:\Users\wilde\Desktop\NNP\Debug\CL.write.1.tlog
C:\Users\wilde\Desktop\NNP\Debug\link.6880.read.1.tlog
C:\Users\wilde\Desktop\NNP\Debug\link.6880.write.1.tlog
C:\Users\wilde\Desktop\NNP\Debug\link.6880-cvtres.read.1.tlog
C:\Users\wilde\Desktop\NNP\Debug\link.6880-cvtres.write.1.tlog
C:\Users\wilde\Desktop\NNP\Debug\link.9568.read.1.tlog
C:\Users\wilde\Desktop\NNP\Debug\link.9568.write.1.tlog
C:\Users\wilde\Desktop\NNP\Debug\link.9568-cvtres.read.1.tlog
C:\Users\wilde\Desktop\NNP\Debug\link.9568-cvtres.write.1.tlog
C:\Users\wilde\Desktop\NNP\Debug\link.command.1.tlog
C:\Users\wilde\Desktop\NNP\Debug\link.read.1.tlog
C:\Users\wilde\Desktop\NNP\Debug\link.write.1.tlog
C:\Users\wilde\Desktop\NNP\Debug\link-cvtres.read.1.tlog
C:\Users\wilde\Desktop\NNP\Debug\link-cvtres.write.1.tlog
C:\USERS\WILDE\DESKTOP\NNP\DEBUG\MAIN.OBJ
C:\Users\wilde\Desktop\NNP\Debug\mt.command.1.tlog
C:\Users\wilde\Desktop\NNP\Debug\mt.read.1.tlog
C:\Users\wilde\Desktop\NNP\Debug\mt.write.1.tlog
C:\USERS\WILDE\DESKTOP\NNP\DEBUG\NONAMEPROJECT.DLL.EMBED.MANIFEST
C:\USERS\WILDE\DESKTOP\NNP\DEBUG\NONAMEPROJECT.DLL.EMBED.MANIFEST.RES
C:\USERS\WILDE\DESKTOP\NNP\DEBUG\NONAMEPROJECT.DLL.INTERMEDIATE.MANIFEST
C:\USERS\WILDE\DESKTOP\NNP\DEBUG\NONAMEPROJECT.PDB
C:\Users\wilde\Desktop\NNP\Debug\NoNameProject.vcxprojResolveAssemblyReference.cache
C:\Users\wilde\Desktop\NNP\Debug\NoNameProject.write.1.tlog
C:\Users\wilde\Desktop\NNP\Debug\NoNameProject_manifest.rc
C:\Users\wilde\Desktop\NNP\Debug\rc.command.1.tlog
C:\Users\wilde\Desktop\NNP\Debug\rc.read.1.tlog
C:\Users\wilde\Desktop\NNP\Debug\rc.write.1.tlog
C:\Users\wilde\Desktop\NNP\Debug\vc100.idb
C:\USERS\WILDE\DESKTOP\NNP\DEBUG\VC100.PDB
C:\USERS\WILDE\DESKTOP\NNP\DXHOOK.DLL
C:\USERS\WILDE\DESKTOP\NNP\DXHOOK.ILK
