Сборка начата 18.07.2015 18:26:49.
     1>Проект "D:\С++\[DEMO] Render Class DX9\[DEMO] Render Class DX9\[DEMO] Render Class DX9.vcxproj" в узле 2 (целевые объекты Build).
     1>ClCompile:
         D:\Program Files (x86)\Microsoft Visual Studio 12.0\VC\bin\CL.exe /c /Zi /nologo /W0 /WX- /O2 /Oi /Oy- /GL /D WIN32 /D NDEBUG /D _WINDOWS /D _USRDLL /D DEMORENDERCLASSDX9_EXPORTS /D _USING_V110_SDK71_ /D _WINDLL /D _MBCS /Gm- /EHsc /MT /GS /Gy /fp:precise /Zc:wchar_t /Zc:forScope /Fo"Release\\" /Fd"Release\vc120.pdb" /Gd /TP /analyze- /errorReport:prompt cBase.cpp cFont.cpp cMenu.cpp cRender.cpp
         cBase.cpp
         cFont.cpp
         cMenu.cpp
         cRender.cpp
     1>C:\Program Files (x86)\MSBuild\Microsoft.Cpp\v4.0\V120\Microsoft.CppBuild.targets(1193,5): warning MSB8012: TargetPath(D:\С++\[DEMO] Render Class DX9\Release\frm.dll) does not match the Linker's OutputFile property value (D:\С++\[DEMO] Render Class DX9\[DEMO] Render Class DX9\dxhook.dll). This may cause your project to build incorrectly. To correct this, please make sure that $(OutDir), $(TargetName) and $(TargetExt) property values match the value specified in %(Link.OutputFile).
     1>C:\Program Files (x86)\MSBuild\Microsoft.Cpp\v4.0\V120\Microsoft.CppBuild.targets(1195,5): warning MSB8012: TargetName(frm) does not match the Linker's OutputFile property value (dxhook). This may cause your project to build incorrectly. To correct this, please make sure that $(OutDir), $(TargetName) and $(TargetExt) property values match the value specified in %(Link.OutputFile).
       Link:
         D:\Program Files (x86)\Microsoft Visual Studio 12.0\VC\bin\link.exe /ERRORREPORT:PROMPT /OUT:"dxhook.dll" /INCREMENTAL:NO /NOLOGO kernel32.lib user32.lib gdi32.lib winspool.lib comdlg32.lib advapi32.lib shell32.lib ole32.lib oleaut32.lib uuid.lib odbc32.lib odbccp32.lib /MANIFEST /MANIFESTUAC:"level='asInvoker' uiAccess='false'" /manifest:embed /DEBUG /PDB:"D:\С++\[DEMO] Render Class DX9\Release\frm.pdb" /SUBSYSTEM:WINDOWS,"5.01" /OPT:REF /OPT:ICF /LTCG /TLBID:1 /DYNAMICBASE /NXCOMPAT /IMPLIB:"D:\С++\[DEMO] Render Class DX9\Release\frm.lib" /MACHINE:X86 /SAFESEH /SAFESEH:NO /DLL Release\cBase.obj
         Release\cFont.obj
         Release\cMenu.obj
         Release\cRender.obj
         detours.lib
         Создание кода
         Создание кода завершено
     1>detours.lib(detours.obj) : warning LNK4099: "detours.pdb" PDB не найден с "detours.lib(detours.obj)" или на "D:\С++\[DEMO] Render Class DX9\Release\detours.pdb"; компоновка объекта выполняется как при отсутствии отладочных данных
     1>detours.lib(disasm.obj) : warning LNK4099: "detours.pdb" PDB не найден с "detours.lib(disasm.obj)" или на "D:\С++\[DEMO] Render Class DX9\Release\detours.pdb"; компоновка объекта выполняется как при отсутствии отладочных данных
         [DEMO] Render Class DX9.vcxproj -> D:\С++\[DEMO] Render Class DX9\Release\frm.dll
     1>Сборка проекта "D:\С++\[DEMO] Render Class DX9\[DEMO] Render Class DX9\[DEMO] Render Class DX9.vcxproj" завершена (целевые объекты Build).

Сборка успешно завершена.

Затраченное время: 00:00:03.38
